no change     /home/ewater-mmelotto/miniforge3/condabin/conda
no change     /home/ewater-mmelotto/miniforge3/bin/conda
no change     /home/ewater-mmelotto/miniforge3/bin/conda-env
no change     /home/ewater-mmelotto/miniforge3/bin/activate
no change     /home/ewater-mmelotto/miniforge3/bin/deactivate
no change     /home/ewater-mmelotto/miniforge3/etc/profile.d/conda.sh
no change     /home/ewater-mmelotto/miniforge3/etc/fish/conf.d/conda.fish
no change     /home/ewater-mmelotto/miniforge3/shell/condabin/Conda.psm1
no change     /home/ewater-mmelotto/miniforge3/shell/condabin/conda-hook.ps1
no change     /home/ewater-mmelotto/miniforge3/lib/python3.12/site-packages/xontrib/conda.xsh
no change     /home/ewater-mmelotto/miniforge3/etc/profile.d/conda.csh
no change     /home/ewater-mmelotto/.bashrc
No action taken.
Running step_0b_select_CMIP_forcing with kernel: ewatercycle_spider
Running step_1a_generate_historical_forcing with kernel: ewatercycle_spider
Running step_1b_generate_future_forcing with kernel: ewatercycle_spider
Running step_2a_calibrate_HBV_SCE with kernel: ewatercycle_spider_calibration
Running step_2b_bias_correction with kernel: ewatercycle_spider
Running step_3a_model_run_historical with kernel: ewatercycle_spider
Running step_3b_model_run_future with kernel: ewatercycle_spider
Running step_4_analyse with kernel: ewatercycle_spider
Running step_5_koppen_geiger with kernel: ewatercycle_spider
Added region hysets_01AD003 to CSV.
