mkdir: cannot create directory ‘/project/ewater/Data/climate_data’: File exists
mkdir: cannot create directory ‘/home/ewater-mmelotto/climate_data’: File exists
mkdir: cannot create directory ‘/project/ewater/Data/caravan_data’: File exists
Executing:   0%|          | 0/21 [00:00<?, ?cell/s]Executing:   0%|          | 0/21 [00:00<?, ?cell/s]
Traceback (most recent call last):
  File "/home/ewater-mmelotto/.local/lib/python3.9/site-packages/jupyter_core/utils/__init__.py", line 154, in wrapped
    asyncio.get_running_loop()
RuntimeError: no running event loop

During handling of the above exception, another exception occurred:

Traceback (most recent call last):
  File "/home/ewater-mmelotto/seamless_spider/climatechangeimpact/scripts/cci.py", line 100, in <module>
    pm.execute_notebook(
  File "/home/ewater-mmelotto/.local/lib/python3.9/site-packages/papermill/execute.py", line 116, in execute_notebook
    nb = papermill_engines.execute_notebook_with_engine(
  File "/home/ewater-mmelotto/.local/lib/python3.9/site-packages/papermill/engines.py", line 48, in execute_notebook_with_engine
    return self.get_engine(engine_name).execute_notebook(nb, kernel_name, **kwargs)
  File "/home/ewater-mmelotto/.local/lib/python3.9/site-packages/papermill/engines.py", line 370, in execute_notebook
    cls.execute_managed_notebook(nb_man, kernel_name, log_output=log_output, **kwargs)
  File "/home/ewater-mmelotto/.local/lib/python3.9/site-packages/papermill/engines.py", line 442, in execute_managed_notebook
    return PapermillNotebookClient(nb_man, **final_kwargs).execute()
  File "/home/ewater-mmelotto/.local/lib/python3.9/site-packages/papermill/clientwrap.py", line 43, in execute
    with self.setup_kernel(**kwargs):
  File "/usr/lib64/python3.9/contextlib.py", line 119, in __enter__
    return next(self.gen)
  File "/home/ewater-mmelotto/.local/lib/python3.9/site-packages/nbclient/client.py", line 600, in setup_kernel
    self.start_new_kernel(**kwargs)
  File "/home/ewater-mmelotto/.local/lib/python3.9/site-packages/jupyter_core/utils/__init__.py", line 158, in wrapped
    return loop.run_until_complete(inner)
  File "/usr/lib64/python3.9/asyncio/base_events.py", line 647, in run_until_complete
    return future.result()
  File "/home/ewater-mmelotto/.local/lib/python3.9/site-packages/nbclient/client.py", line 550, in async_start_new_kernel
    await ensure_async(self.km.start_kernel(extra_arguments=self.extra_arguments, **kwargs))
  File "/home/ewater-mmelotto/.local/lib/python3.9/site-packages/jupyter_core/utils/__init__.py", line 197, in ensure_async
    result = await obj
  File "/home/ewater-mmelotto/.local/lib/python3.9/site-packages/jupyter_client/manager.py", line 96, in wrapper
    raise e
  File "/home/ewater-mmelotto/.local/lib/python3.9/site-packages/jupyter_client/manager.py", line 87, in wrapper
    out = await method(self, *args, **kwargs)
  File "/home/ewater-mmelotto/.local/lib/python3.9/site-packages/jupyter_client/manager.py", line 435, in _async_start_kernel
    kernel_cmd, kw = await self._async_pre_start_kernel(**kw)
  File "/home/ewater-mmelotto/.local/lib/python3.9/site-packages/jupyter_client/manager.py", line 397, in _async_pre_start_kernel
    self.kernel_spec,
  File "/home/ewater-mmelotto/.local/lib/python3.9/site-packages/jupyter_client/manager.py", line 195, in kernel_spec
    self._kernel_spec = self.kernel_spec_manager.get_kernel_spec(self.kernel_name)
  File "/home/ewater-mmelotto/.local/lib/python3.9/site-packages/jupyter_client/kernelspec.py", line 285, in get_kernel_spec
    raise NoSuchKernel(kernel_name)
jupyter_client.kernelspec.NoSuchKernel: No such kernel named python3
